<?xml version="1.0" encoding="UTF-8"?>
<testng-results skipped="0" failed="0" ignored="0" total="1" passed="1">
  <reporter-output>
  </reporter-output>
  <suite name="Default suite" duration-ms="21041" started-at="2020-04-15T17:33:40Z" finished-at="2020-04-15T17:34:01Z">
    <groups>
    </groups>
    <test name="Default test" duration-ms="21041" started-at="2020-04-15T17:33:40Z" finished-at="2020-04-15T17:34:01Z">
      <class name="workout.test1">
        <test-method status="PASS" signature="setup()[pri:0, instance:workout.test1@e50a6f6]" name="setup" is-config="true" duration-ms="12426" started-at="2020-04-15T17:33:40Z" finished-at="2020-04-15T17:33:52Z">
          <reporter-output>
          </reporter-output>
        </test-method> <!-- setup -->
        <test-method status="PASS" signature="learning()[pri:0, instance:workout.test1@e50a6f6]" name="learning" duration-ms="8571" started-at="2020-04-15T17:33:52Z" finished-at="2020-04-15T17:34:01Z">
          <reporter-output>
          </reporter-output>
        </test-method> <!-- learning -->
      </class> <!-- workout.test1 -->
    </test> <!-- Default test -->
  </suite> <!-- Default suite -->
</testng-results>
